2026-01-10 00:10:40,631 INFO o.h.v.i.u.Version [background-preinit] [] HV000001: Hibernate Validator 9.0.1.Final
2026-01-10 00:10:40,658 INFO o.s.b.StartupInfoLogger [main] [] Starting BookingApplicationTests using Java 25.0.1 with PID 37496 (started by Tran Van Manh in D:\GitHub\Booking Hub\Booking-Hub-Backend)
2026-01-10 00:10:40,660 DEBUG o.s.b.StartupInfoLogger [main] [] Running with Spring Boot v4.0.1, Spring v7.0.2
2026-01-10 00:10:40,660 INFO o.s.b.SpringApplication [main] [] No active profile set, falling back to 1 default profile: "default"
2026-01-10 00:10:41,417 INFO o.s.d.r.c.RepositoryConfigurationDelegate [main] [] Multiple Spring Data modules found, entering strict repository configuration mode
2026-01-10 00:10:41,419 INFO o.s.d.r.c.RepositoryConfigurationDelegate [main] [] Bootstrapping Spring Data JPA repositories in DEFAULT mode.
2026-01-10 00:10:41,580 INFO o.s.d.r.c.RepositoryConfigurationDelegate [main] [] Finished Spring Data repository scanning in 152 ms. Found 14 JPA repository interfaces.
2026-01-10 00:10:41,622 INFO o.s.d.r.c.RepositoryConfigurationDelegate [main] [] Multiple Spring Data modules found, entering strict repository configuration mode
2026-01-10 00:10:41,623 INFO o.s.d.r.c.RepositoryConfigurationDelegate [main] [] Bootstrapping Spring Data Redis repositories in DEFAULT mode.
2026-01-10 00:10:41,639 INFO o.s.d.r.c.RepositoryConfigurationExtensionSupport [main] [] Spring Data Redis - Could not safely identify store assignment for repository candidate interface com.example.booking.repository.BookingSeatRepository; If you want this repository to be a Redis repository, consider annotating your entities with one of these annotations: org.springframework.data.redis.core.RedisHash (preferred), or consider extending one of the following types with your repository: org.springframework.data.keyvalue.repository.KeyValueRepository
2026-01-10 00:10:41,641 INFO o.s.d.r.c.RepositoryConfigurationExtensionSupport [main] [] Spring Data Redis - Could not safely identify store assignment for repository candidate interface com.example.booking.repository.CinemaRepository; If you want this repository to be a Redis repository, consider annotating your entities with one of these annotations: org.springframework.data.redis.core.RedisHash (preferred), or consider extending one of the following types with your repository: org.springframework.data.keyvalue.repository.KeyValueRepository
2026-01-10 00:10:41,641 INFO o.s.d.r.c.RepositoryConfigurationExtensionSupport [main] [] Spring Data Redis - Could not safely identify store assignment for repository candidate interface com.example.booking.repository.HotelBookingRepository; If you want this repository to be a Redis repository, consider annotating your entities with one of these annotations: org.springframework.data.redis.core.RedisHash (preferred), or consider extending one of the following types with your repository: org.springframework.data.keyvalue.repository.KeyValueRepository
2026-01-10 00:10:41,642 INFO o.s.d.r.c.RepositoryConfigurationExtensionSupport [main] [] Spring Data Redis - Could not safely identify store assignment for repository candidate interface com.example.booking.repository.HotelRepository; If you want this repository to be a Redis repository, consider annotating your entities with one of these annotations: org.springframework.data.redis.core.RedisHash (preferred), or consider extending one of the following types with your repository: org.springframework.data.keyvalue.repository.KeyValueRepository
2026-01-10 00:10:41,642 INFO o.s.d.r.c.RepositoryConfigurationExtensionSupport [main] [] Spring Data Redis - Could not safely identify store assignment for repository candidate interface com.example.booking.repository.HotelReviewRepository; If you want this repository to be a Redis repository, consider annotating your entities with one of these annotations: org.springframework.data.redis.core.RedisHash (preferred), or consider extending one of the following types with your repository: org.springframework.data.keyvalue.repository.KeyValueRepository
2026-01-10 00:10:41,643 INFO o.s.d.r.c.RepositoryConfigurationExtensionSupport [main] [] Spring Data Redis - Could not safely identify store assignment for repository candidate interface com.example.booking.repository.MovieBookingRepository; If you want this repository to be a Redis repository, consider annotating your entities with one of these annotations: org.springframework.data.redis.core.RedisHash (preferred), or consider extending one of the following types with your repository: org.springframework.data.keyvalue.repository.KeyValueRepository
2026-01-10 00:10:41,643 INFO o.s.d.r.c.RepositoryConfigurationExtensionSupport [main] [] Spring Data Redis - Could not safely identify store assignment for repository candidate interface com.example.booking.repository.MovieRepository; If you want this repository to be a Redis repository, consider annotating your entities with one of these annotations: org.springframework.data.redis.core.RedisHash (preferred), or consider extending one of the following types with your repository: org.springframework.data.keyvalue.repository.KeyValueRepository
2026-01-10 00:10:41,643 INFO o.s.d.r.c.RepositoryConfigurationExtensionSupport [main] [] Spring Data Redis - Could not safely identify store assignment for repository candidate interface com.example.booking.repository.PaymentRepository; If you want this repository to be a Redis repository, consider annotating your entities with one of these annotations: org.springframework.data.redis.core.RedisHash (preferred), or consider extending one of the following types with your repository: org.springframework.data.keyvalue.repository.KeyValueRepository
2026-01-10 00:10:41,648 INFO o.s.d.r.c.RepositoryConfigurationExtensionSupport [main] [] Spring Data Redis - Could not safely identify store assignment for repository candidate interface com.example.booking.repository.RefreshTokenRepository; If you want this repository to be a Redis repository, consider annotating your entities with one of these annotations: org.springframework.data.redis.core.RedisHash (preferred), or consider extending one of the following types with your repository: org.springframework.data.keyvalue.repository.KeyValueRepository
2026-01-10 00:10:41,649 INFO o.s.d.r.c.RepositoryConfigurationExtensionSupport [main] [] Spring Data Redis - Could not safely identify store assignment for repository candidate interface com.example.booking.repository.RoomRepository; If you want this repository to be a Redis repository, consider annotating your entities with one of these annotations: org.springframework.data.redis.core.RedisHash (preferred), or consider extending one of the following types with your repository: org.springframework.data.keyvalue.repository.KeyValueRepository
2026-01-10 00:10:41,649 INFO o.s.d.r.c.RepositoryConfigurationExtensionSupport [main] [] Spring Data Redis - Could not safely identify store assignment for repository candidate interface com.example.booking.repository.ScreenRepository; If you want this repository to be a Redis repository, consider annotating your entities with one of these annotations: org.springframework.data.redis.core.RedisHash (preferred), or consider extending one of the following types with your repository: org.springframework.data.keyvalue.repository.KeyValueRepository
2026-01-10 00:10:41,650 INFO o.s.d.r.c.RepositoryConfigurationExtensionSupport [main] [] Spring Data Redis - Could not safely identify store assignment for repository candidate interface com.example.booking.repository.SeatRepository; If you want this repository to be a Redis repository, consider annotating your entities with one of these annotations: org.springframework.data.redis.core.RedisHash (preferred), or consider extending one of the following types with your repository: org.springframework.data.keyvalue.repository.KeyValueRepository
2026-01-10 00:10:41,650 INFO o.s.d.r.c.RepositoryConfigurationExtensionSupport [main] [] Spring Data Redis - Could not safely identify store assignment for repository candidate interface com.example.booking.repository.ShowtimeRepository; If you want this repository to be a Redis repository, consider annotating your entities with one of these annotations: org.springframework.data.redis.core.RedisHash (preferred), or consider extending one of the following types with your repository: org.springframework.data.keyvalue.repository.KeyValueRepository
2026-01-10 00:10:41,650 INFO o.s.d.r.c.RepositoryConfigurationExtensionSupport [main] [] Spring Data Redis - Could not safely identify store assignment for repository candidate interface com.example.booking.repository.UserRepository; If you want this repository to be a Redis repository, consider annotating your entities with one of these annotations: org.springframework.data.redis.core.RedisHash (preferred), or consider extending one of the following types with your repository: org.springframework.data.keyvalue.repository.KeyValueRepository
2026-01-10 00:10:41,651 INFO o.s.d.r.c.RepositoryConfigurationDelegate [main] [] Finished Spring Data repository scanning in 16 ms. Found 0 Redis repository interfaces.
2026-01-10 00:10:42,096 INFO o.h.j.i.u.LogHelper [main] [] HHH008540: Processing PersistenceUnitInfo [name: default]
2026-01-10 00:10:42,172 INFO o.h.Version [main] [] HHH000001: Hibernate ORM core version 7.2.0.Final
2026-01-10 00:10:42,696 INFO o.s.o.j.p.SpringPersistenceUnitInfo [main] [] No LoadTimeWeaver setup: ignoring JPA class transformer
2026-01-10 00:10:42,745 INFO c.z.h.HikariDataSource [main] [] HikariPool-1 - Starting...
2026-01-10 00:10:42,989 INFO c.z.h.p.HikariPool [main] [] HikariPool-1 - Added connection conn0: url=jdbc:h2:mem:testdb user=SA
2026-01-10 00:10:42,992 INFO c.z.h.HikariDataSource [main] [] HikariPool-1 - Start completed.
2026-01-10 00:10:43,073 INFO o.h.e.j.e.i.JdbcEnvironmentInitiator [main] [] HHH10001005: Database info:
	Database JDBC URL [jdbc:h2:mem:testdb]
	Database driver: H2 JDBC Driver
	Database dialect: H2Dialect
	Database version: 2.4.240
	Default catalog/schema: TESTDB/PUBLIC
	Autocommit mode: undefined/unknown
	Isolation level: READ_COMMITTED [default READ_COMMITTED]
	JDBC fetch size: 100
	Pool: DataSourceConnectionProvider
	Minimum pool size: undefined/unknown
	Maximum pool size: undefined/unknown
2026-01-10 00:10:44,565 INFO o.h.e.t.j.p.i.JtaPlatformInitiator [main] [] HHH000489: No JTA platform available (set 'hibernate.transaction.jta.platform' to enable JTA platform integration)
2026-01-10 00:10:44,654 INFO o.s.o.j.AbstractEntityManagerFactoryBean [main] [] Initialized JPA EntityManagerFactory for persistence unit 'default'
2026-01-10 00:10:44,751 INFO o.s.d.j.r.q.QueryEnhancerFactories [main] [] Hibernate is in classpath; If applicable, HQL parser will be used.
2026-01-10 00:10:47,145 INFO o.s.s.c.a.a.c.InitializeUserDetailsBeanManagerConfigurer$InitializeUserDetailsManagerConfigurer [main] [] Global AuthenticationManager configured with UserDetailsService bean with name userDetailsService
2026-01-10 00:10:47,799 INFO o.s.b.StartupInfoLogger [main] [] Started BookingApplicationTests in 7.493 seconds (process running for 8.709)
2026-01-10 00:10:48,101 INFO o.s.t.c.s.AnnotationConfigContextLoaderUtils [main] [] Could not detect default configuration classes for test class [com.example.booking.controller.AuthControllerTest]: AuthControllerTest does not declare any static, non-private, non-final, nested classes annotated with @Configuration.
2026-01-10 00:10:48,117 INFO o.s.b.t.c.SpringBootTestContextBootstrapper [main] [] Found @SpringBootConfiguration com.example.booking.BookingApplication for test class com.example.booking.controller.AuthControllerTest
2026-01-10 00:10:48,151 INFO o.s.b.StartupInfoLogger [main] [] Starting AuthControllerTest using Java 25.0.1 with PID 37496 (started by Tran Van Manh in D:\GitHub\Booking Hub\Booking-Hub-Backend)
2026-01-10 00:10:48,151 DEBUG o.s.b.StartupInfoLogger [main] [] Running with Spring Boot v4.0.1, Spring v7.0.2
2026-01-10 00:10:48,151 INFO o.s.b.SpringApplication [main] [] No active profile set, falling back to 1 default profile: "default"
2026-01-10 00:10:48,347 INFO o.s.d.r.c.RepositoryConfigurationDelegate [main] [] Multiple Spring Data modules found, entering strict repository configuration mode
2026-01-10 00:10:48,347 INFO o.s.d.r.c.RepositoryConfigurationDelegate [main] [] Bootstrapping Spring Data JPA repositories in DEFAULT mode.
2026-01-10 00:10:48,362 INFO o.s.d.r.c.RepositoryConfigurationDelegate [main] [] Finished Spring Data repository scanning in 13 ms. Found 14 JPA repository interfaces.
2026-01-10 00:10:48,369 INFO o.s.d.r.c.RepositoryConfigurationDelegate [main] [] Multiple Spring Data modules found, entering strict repository configuration mode
2026-01-10 00:10:48,370 INFO o.s.d.r.c.RepositoryConfigurationDelegate [main] [] Bootstrapping Spring Data Redis repositories in DEFAULT mode.
2026-01-10 00:10:48,377 INFO o.s.d.r.c.RepositoryConfigurationExtensionSupport [main] [] Spring Data Redis - Could not safely identify store assignment for repository candidate interface com.example.booking.repository.BookingSeatRepository; If you want this repository to be a Redis repository, consider annotating your entities with one of these annotations: org.springframework.data.redis.core.RedisHash (preferred), or consider extending one of the following types with your repository: org.springframework.data.keyvalue.repository.KeyValueRepository
2026-01-10 00:10:48,378 INFO o.s.d.r.c.RepositoryConfigurationExtensionSupport [main] [] Spring Data Redis - Could not safely identify store assignment for repository candidate interface com.example.booking.repository.CinemaRepository; If you want this repository to be a Redis repository, consider annotating your entities with one of these annotations: org.springframework.data.redis.core.RedisHash (preferred), or consider extending one of the following types with your repository: org.springframework.data.keyvalue.repository.KeyValueRepository
2026-01-10 00:10:48,378 INFO o.s.d.r.c.RepositoryConfigurationExtensionSupport [main] [] Spring Data Redis - Could not safely identify store assignment for repository candidate interface com.example.booking.repository.HotelBookingRepository; If you want this repository to be a Redis repository, consider annotating your entities with one of these annotations: org.springframework.data.redis.core.RedisHash (preferred), or consider extending one of the following types with your repository: org.springframework.data.keyvalue.repository.KeyValueRepository
2026-01-10 00:10:48,378 INFO o.s.d.r.c.RepositoryConfigurationExtensionSupport [main] [] Spring Data Redis - Could not safely identify store assignment for repository candidate interface com.example.booking.repository.HotelRepository; If you want this repository to be a Redis repository, consider annotating your entities with one of these annotations: org.springframework.data.redis.core.RedisHash (preferred), or consider extending one of the following types with your repository: org.springframework.data.keyvalue.repository.KeyValueRepository
2026-01-10 00:10:48,380 INFO o.s.d.r.c.RepositoryConfigurationExtensionSupport [main] [] Spring Data Redis - Could not safely identify store assignment for repository candidate interface com.example.booking.repository.HotelReviewRepository; If you want this repository to be a Redis repository, consider annotating your entities with one of these annotations: org.springframework.data.redis.core.RedisHash (preferred), or consider extending one of the following types with your repository: org.springframework.data.keyvalue.repository.KeyValueRepository
2026-01-10 00:10:48,380 INFO o.s.d.r.c.RepositoryConfigurationExtensionSupport [main] [] Spring Data Redis - Could not safely identify store assignment for repository candidate interface com.example.booking.repository.MovieBookingRepository; If you want this repository to be a Redis repository, consider annotating your entities with one of these annotations: org.springframework.data.redis.core.RedisHash (preferred), or consider extending one of the following types with your repository: org.springframework.data.keyvalue.repository.KeyValueRepository
2026-01-10 00:10:48,380 INFO o.s.d.r.c.RepositoryConfigurationExtensionSupport [main] [] Spring Data Redis - Could not safely identify store assignment for repository candidate interface com.example.booking.repository.MovieRepository; If you want this repository to be a Redis repository, consider annotating your entities with one of these annotations: org.springframework.data.redis.core.RedisHash (preferred), or consider extending one of the following types with your repository: org.springframework.data.keyvalue.repository.KeyValueRepository
2026-01-10 00:10:48,381 INFO o.s.d.r.c.RepositoryConfigurationExtensionSupport [main] [] Spring Data Redis - Could not safely identify store assignment for repository candidate interface com.example.booking.repository.PaymentRepository; If you want this repository to be a Redis repository, consider annotating your entities with one of these annotations: org.springframework.data.redis.core.RedisHash (preferred), or consider extending one of the following types with your repository: org.springframework.data.keyvalue.repository.KeyValueRepository
2026-01-10 00:10:48,381 INFO o.s.d.r.c.RepositoryConfigurationExtensionSupport [main] [] Spring Data Redis - Could not safely identify store assignment for repository candidate interface com.example.booking.repository.RefreshTokenRepository; If you want this repository to be a Redis repository, consider annotating your entities with one of these annotations: org.springframework.data.redis.core.RedisHash (preferred), or consider extending one of the following types with your repository: org.springframework.data.keyvalue.repository.KeyValueRepository
2026-01-10 00:10:48,381 INFO o.s.d.r.c.RepositoryConfigurationExtensionSupport [main] [] Spring Data Redis - Could not safely identify store assignment for repository candidate interface com.example.booking.repository.RoomRepository; If you want this repository to be a Redis repository, consider annotating your entities with one of these annotations: org.springframework.data.redis.core.RedisHash (preferred), or consider extending one of the following types with your repository: org.springframework.data.keyvalue.repository.KeyValueRepository
2026-01-10 00:10:48,381 INFO o.s.d.r.c.RepositoryConfigurationExtensionSupport [main] [] Spring Data Redis - Could not safely identify store assignment for repository candidate interface com.example.booking.repository.ScreenRepository; If you want this repository to be a Redis repository, consider annotating your entities with one of these annotations: org.springframework.data.redis.core.RedisHash (preferred), or consider extending one of the following types with your repository: org.springframework.data.keyvalue.repository.KeyValueRepository
2026-01-10 00:10:48,382 INFO o.s.d.r.c.RepositoryConfigurationExtensionSupport [main] [] Spring Data Redis - Could not safely identify store assignment for repository candidate interface com.example.booking.repository.SeatRepository; If you want this repository to be a Redis repository, consider annotating your entities with one of these annotations: org.springframework.data.redis.core.RedisHash (preferred), or consider extending one of the following types with your repository: org.springframework.data.keyvalue.repository.KeyValueRepository
2026-01-10 00:10:48,382 INFO o.s.d.r.c.RepositoryConfigurationExtensionSupport [main] [] Spring Data Redis - Could not safely identify store assignment for repository candidate interface com.example.booking.repository.ShowtimeRepository; If you want this repository to be a Redis repository, consider annotating your entities with one of these annotations: org.springframework.data.redis.core.RedisHash (preferred), or consider extending one of the following types with your repository: org.springframework.data.keyvalue.repository.KeyValueRepository
2026-01-10 00:10:48,382 INFO o.s.d.r.c.RepositoryConfigurationExtensionSupport [main] [] Spring Data Redis - Could not safely identify store assignment for repository candidate interface com.example.booking.repository.UserRepository; If you want this repository to be a Redis repository, consider annotating your entities with one of these annotations: org.springframework.data.redis.core.RedisHash (preferred), or consider extending one of the following types with your repository: org.springframework.data.keyvalue.repository.KeyValueRepository
2026-01-10 00:10:48,382 INFO o.s.d.r.c.RepositoryConfigurationDelegate [main] [] Finished Spring Data repository scanning in 10 ms. Found 0 Redis repository interfaces.
2026-01-10 00:10:48,481 INFO o.h.j.i.u.LogHelper [main] [] HHH008540: Processing PersistenceUnitInfo [name: default]
2026-01-10 00:10:48,504 INFO o.s.o.j.p.SpringPersistenceUnitInfo [main] [] No LoadTimeWeaver setup: ignoring JPA class transformer
2026-01-10 00:10:48,506 INFO c.z.h.HikariDataSource [main] [] HikariPool-2 - Starting...
2026-01-10 00:10:48,507 INFO c.z.h.p.HikariPool [main] [] HikariPool-2 - Added connection conn10: url=jdbc:h2:mem:testdb user=SA
2026-01-10 00:10:48,507 INFO c.z.h.HikariDataSource [main] [] HikariPool-2 - Start completed.
2026-01-10 00:10:48,507 INFO o.h.e.j.e.i.JdbcEnvironmentInitiator [main] [] HHH10001005: Database info:
	Database JDBC URL [jdbc:h2:mem:testdb]
	Database driver: H2 JDBC Driver
	Database dialect: H2Dialect
	Database version: 2.4.240
	Default catalog/schema: TESTDB/PUBLIC
	Autocommit mode: undefined/unknown
	Isolation level: READ_COMMITTED [default READ_COMMITTED]
	JDBC fetch size: 100
	Pool: DataSourceConnectionProvider
	Minimum pool size: undefined/unknown
	Maximum pool size: undefined/unknown
2026-01-10 00:10:48,632 INFO o.h.e.t.j.p.i.JtaPlatformInitiator [main] [] HHH000489: No JTA platform available (set 'hibernate.transaction.jta.platform' to enable JTA platform integration)
2026-01-10 00:10:48,671 INFO o.s.o.j.AbstractEntityManagerFactoryBean [main] [] Initialized JPA EntityManagerFactory for persistence unit 'default'
2026-01-10 00:10:48,899 INFO o.s.s.c.a.a.c.InitializeUserDetailsBeanManagerConfigurer$InitializeUserDetailsManagerConfigurer [main] [] Global AuthenticationManager configured with UserDetailsService bean with name userDetailsService
2026-01-10 00:10:49,018 DEBUG o.s.w.f.GenericFilterBean [main] [] Filter 'jwtAuthenticationFilter' configured for use
2026-01-10 00:10:49,018 DEBUG o.s.w.f.GenericFilterBean [main] [] Filter 'mdcLoggingFilter' configured for use
2026-01-10 00:10:49,018 DEBUG o.s.w.f.GenericFilterBean [main] [] Filter 'rateLimitFilter' configured for use
2026-01-10 00:10:49,019 INFO o.s.m.w.MockServletContext [main] [] Initializing Spring TestDispatcherServlet ''
2026-01-10 00:10:49,019 INFO o.s.w.s.FrameworkServlet [main] [] Initializing Servlet ''
2026-01-10 00:10:49,022 INFO o.s.w.s.FrameworkServlet [main] [] Completed initialization in 1 ms
2026-01-10 00:10:49,040 INFO o.s.b.StartupInfoLogger [main] [] Started AuthControllerTest in 0.918 seconds (process running for 9.949)
2026-01-10 00:10:49,105 INFO c.e.b.f.MdcLoggingFilter [main] [1cf29c65-4dbc-4b1b-9964-70a0488287fd] Request: method=POST uri=/api/v1/auth/login
2026-01-10 00:10:49,279 INFO c.e.b.s.AuthService [main] [1cf29c65-4dbc-4b1b-9964-70a0488287fd] Authenticating user with email: wrong@email.com
2026-01-10 00:10:49,461 INFO c.e.b.f.MdcLoggingFilter [main] [1cf29c65-4dbc-4b1b-9964-70a0488287fd] Request Body: {"password":"***","email":"wrong@email.com"}
2026-01-10 00:10:49,461 INFO c.e.b.f.MdcLoggingFilter [main] [1cf29c65-4dbc-4b1b-9964-70a0488287fd] Response: status=401 duration=356ms
2026-01-10 00:10:49,461 INFO c.e.b.f.MdcLoggingFilter [main] [1cf29c65-4dbc-4b1b-9964-70a0488287fd] Response Body: {"details":null,"error":"Unauthorized","message":"Invalid email or password","path":"/api/v1/auth/login","status":401,"timestamp":"2026-01-10T00:10:49.4287279"}
2026-01-10 00:10:49,499 INFO o.s.o.j.AbstractEntityManagerFactoryBean [SpringApplicationShutdownHook] [] Closing JPA EntityManagerFactory for persistence unit 'default'
2026-01-10 00:10:49,507 INFO c.z.h.HikariDataSource [SpringApplicationShutdownHook] [] HikariPool-1 - Shutdown initiated...
2026-01-10 00:10:49,510 INFO c.z.h.HikariDataSource [SpringApplicationShutdownHook] [] HikariPool-1 - Shutdown completed.
2026-01-10 00:10:49,515 INFO o.s.o.j.AbstractEntityManagerFactoryBean [SpringApplicationShutdownHook] [] Closing JPA EntityManagerFactory for persistence unit 'default'
2026-01-10 00:10:49,516 INFO c.z.h.HikariDataSource [SpringApplicationShutdownHook] [] HikariPool-2 - Shutdown initiated...
2026-01-10 00:10:49,517 INFO c.z.h.HikariDataSource [SpringApplicationShutdownHook] [] HikariPool-2 - Shutdown completed.
2026-01-10 00:12:46,648 INFO o.h.v.i.u.Version [background-preinit] [] HV000001: Hibernate Validator 9.0.1.Final
2026-01-10 00:12:46,677 INFO o.s.b.StartupInfoLogger [main] [] Starting BookingApplication using Java 25.0.1 with PID 30632 (D:\GitHub\Booking Hub\Booking-Hub-Backend\target\classes started by Tran Van Manh in D:\GitHub\Booking Hub\Booking-Hub-Backend)
2026-01-10 00:12:46,678 DEBUG o.s.b.StartupInfoLogger [main] [] Running with Spring Boot v4.0.1, Spring v7.0.2
2026-01-10 00:12:46,678 INFO o.s.b.SpringApplication [main] [] No active profile set, falling back to 1 default profile: "default"
2026-01-10 00:12:47,253 INFO o.s.d.r.c.RepositoryConfigurationDelegate [main] [] Multiple Spring Data modules found, entering strict repository configuration mode
2026-01-10 00:12:47,254 INFO o.s.d.r.c.RepositoryConfigurationDelegate [main] [] Bootstrapping Spring Data JPA repositories in DEFAULT mode.
2026-01-10 00:12:47,363 INFO o.s.d.r.c.RepositoryConfigurationDelegate [main] [] Finished Spring Data repository scanning in 101 ms. Found 14 JPA repository interfaces.
2026-01-10 00:12:47,390 INFO o.s.d.r.c.RepositoryConfigurationDelegate [main] [] Multiple Spring Data modules found, entering strict repository configuration mode
2026-01-10 00:12:47,390 INFO o.s.d.r.c.RepositoryConfigurationDelegate [main] [] Bootstrapping Spring Data Redis repositories in DEFAULT mode.
2026-01-10 00:12:47,402 INFO o.s.d.r.c.RepositoryConfigurationExtensionSupport [main] [] Spring Data Redis - Could not safely identify store assignment for repository candidate interface com.example.booking.repository.BookingSeatRepository; If you want this repository to be a Redis repository, consider annotating your entities with one of these annotations: org.springframework.data.redis.core.RedisHash (preferred), or consider extending one of the following types with your repository: org.springframework.data.keyvalue.repository.KeyValueRepository
2026-01-10 00:12:47,404 INFO o.s.d.r.c.RepositoryConfigurationExtensionSupport [main] [] Spring Data Redis - Could not safely identify store assignment for repository candidate interface com.example.booking.repository.CinemaRepository; If you want this repository to be a Redis repository, consider annotating your entities with one of these annotations: org.springframework.data.redis.core.RedisHash (preferred), or consider extending one of the following types with your repository: org.springframework.data.keyvalue.repository.KeyValueRepository
2026-01-10 00:12:47,404 INFO o.s.d.r.c.RepositoryConfigurationExtensionSupport [main] [] Spring Data Redis - Could not safely identify store assignment for repository candidate interface com.example.booking.repository.HotelBookingRepository; If you want this repository to be a Redis repository, consider annotating your entities with one of these annotations: org.springframework.data.redis.core.RedisHash (preferred), or consider extending one of the following types with your repository: org.springframework.data.keyvalue.repository.KeyValueRepository
2026-01-10 00:12:47,404 INFO o.s.d.r.c.RepositoryConfigurationExtensionSupport [main] [] Spring Data Redis - Could not safely identify store assignment for repository candidate interface com.example.booking.repository.HotelRepository; If you want this repository to be a Redis repository, consider annotating your entities with one of these annotations: org.springframework.data.redis.core.RedisHash (preferred), or consider extending one of the following types with your repository: org.springframework.data.keyvalue.repository.KeyValueRepository
2026-01-10 00:12:47,404 INFO o.s.d.r.c.RepositoryConfigurationExtensionSupport [main] [] Spring Data Redis - Could not safely identify store assignment for repository candidate interface com.example.booking.repository.HotelReviewRepository; If you want this repository to be a Redis repository, consider annotating your entities with one of these annotations: org.springframework.data.redis.core.RedisHash (preferred), or consider extending one of the following types with your repository: org.springframework.data.keyvalue.repository.KeyValueRepository
2026-01-10 00:12:47,405 INFO o.s.d.r.c.RepositoryConfigurationExtensionSupport [main] [] Spring Data Redis - Could not safely identify store assignment for repository candidate interface com.example.booking.repository.MovieBookingRepository; If you want this repository to be a Redis repository, consider annotating your entities with one of these annotations: org.springframework.data.redis.core.RedisHash (preferred), or consider extending one of the following types with your repository: org.springframework.data.keyvalue.repository.KeyValueRepository
2026-01-10 00:12:47,406 INFO o.s.d.r.c.RepositoryConfigurationExtensionSupport [main] [] Spring Data Redis - Could not safely identify store assignment for repository candidate interface com.example.booking.repository.MovieRepository; If you want this repository to be a Redis repository, consider annotating your entities with one of these annotations: org.springframework.data.redis.core.RedisHash (preferred), or consider extending one of the following types with your repository: org.springframework.data.keyvalue.repository.KeyValueRepository
2026-01-10 00:12:47,406 INFO o.s.d.r.c.RepositoryConfigurationExtensionSupport [main] [] Spring Data Redis - Could not safely identify store assignment for repository candidate interface com.example.booking.repository.PaymentRepository; If you want this repository to be a Redis repository, consider annotating your entities with one of these annotations: org.springframework.data.redis.core.RedisHash (preferred), or consider extending one of the following types with your repository: org.springframework.data.keyvalue.repository.KeyValueRepository
2026-01-10 00:12:47,406 INFO o.s.d.r.c.RepositoryConfigurationExtensionSupport [main] [] Spring Data Redis - Could not safely identify store assignment for repository candidate interface com.example.booking.repository.RefreshTokenRepository; If you want this repository to be a Redis repository, consider annotating your entities with one of these annotations: org.springframework.data.redis.core.RedisHash (preferred), or consider extending one of the following types with your repository: org.springframework.data.keyvalue.repository.KeyValueRepository
2026-01-10 00:12:47,406 INFO o.s.d.r.c.RepositoryConfigurationExtensionSupport [main] [] Spring Data Redis - Could not safely identify store assignment for repository candidate interface com.example.booking.repository.RoomRepository; If you want this repository to be a Redis repository, consider annotating your entities with one of these annotations: org.springframework.data.redis.core.RedisHash (preferred), or consider extending one of the following types with your repository: org.springframework.data.keyvalue.repository.KeyValueRepository
2026-01-10 00:12:47,407 INFO o.s.d.r.c.RepositoryConfigurationExtensionSupport [main] [] Spring Data Redis - Could not safely identify store assignment for repository candidate interface com.example.booking.repository.ScreenRepository; If you want this repository to be a Redis repository, consider annotating your entities with one of these annotations: org.springframework.data.redis.core.RedisHash (preferred), or consider extending one of the following types with your repository: org.springframework.data.keyvalue.repository.KeyValueRepository
2026-01-10 00:12:47,407 INFO o.s.d.r.c.RepositoryConfigurationExtensionSupport [main] [] Spring Data Redis - Could not safely identify store assignment for repository candidate interface com.example.booking.repository.SeatRepository; If you want this repository to be a Redis repository, consider annotating your entities with one of these annotations: org.springframework.data.redis.core.RedisHash (preferred), or consider extending one of the following types with your repository: org.springframework.data.keyvalue.repository.KeyValueRepository
2026-01-10 00:12:47,407 INFO o.s.d.r.c.RepositoryConfigurationExtensionSupport [main] [] Spring Data Redis - Could not safely identify store assignment for repository candidate interface com.example.booking.repository.ShowtimeRepository; If you want this repository to be a Redis repository, consider annotating your entities with one of these annotations: org.springframework.data.redis.core.RedisHash (preferred), or consider extending one of the following types with your repository: org.springframework.data.keyvalue.repository.KeyValueRepository
2026-01-10 00:12:47,407 INFO o.s.d.r.c.RepositoryConfigurationExtensionSupport [main] [] Spring Data Redis - Could not safely identify store assignment for repository candidate interface com.example.booking.repository.UserRepository; If you want this repository to be a Redis repository, consider annotating your entities with one of these annotations: org.springframework.data.redis.core.RedisHash (preferred), or consider extending one of the following types with your repository: org.springframework.data.keyvalue.repository.KeyValueRepository
2026-01-10 00:12:47,407 INFO o.s.d.r.c.RepositoryConfigurationDelegate [main] [] Finished Spring Data repository scanning in 10 ms. Found 0 Redis repository interfaces.
2026-01-10 00:12:47,865 INFO o.s.b.t.TomcatWebServer [main] [] Tomcat initialized with port 8080 (http)
2026-01-10 00:12:47,878 INFO o.a.j.l.DirectJDKLog [main] [] Initializing ProtocolHandler ["http-nio-8080"]
2026-01-10 00:12:47,880 INFO o.a.j.l.DirectJDKLog [main] [] Starting service [Tomcat]
2026-01-10 00:12:47,880 INFO o.a.j.l.DirectJDKLog [main] [] Starting Servlet engine: [Apache Tomcat/11.0.15]
2026-01-10 00:12:47,940 INFO o.s.b.w.c.s.WebApplicationContextInitializer [main] [] Root WebApplicationContext: initialization completed in 1232 ms
2026-01-10 00:12:48,069 INFO o.h.j.i.u.LogHelper [main] [] HHH008540: Processing PersistenceUnitInfo [name: default]
2026-01-10 00:12:48,113 INFO o.h.Version [main] [] HHH000001: Hibernate ORM core version 7.2.0.Final
2026-01-10 00:12:48,389 INFO o.s.o.j.p.SpringPersistenceUnitInfo [main] [] No LoadTimeWeaver setup: ignoring JPA class transformer
2026-01-10 00:12:48,409 INFO c.z.h.HikariDataSource [main] [] BookingHubHikariPool - Starting...
2026-01-10 00:12:48,563 INFO c.z.h.p.HikariPool [main] [] BookingHubHikariPool - Added connection org.postgresql.jdbc.PgConnection@71e409f
2026-01-10 00:12:48,565 INFO c.z.h.HikariDataSource [main] [] BookingHubHikariPool - Start completed.
2026-01-10 00:12:48,639 INFO o.h.e.j.e.i.JdbcEnvironmentInitiator [main] [] HHH10001005: Database info:
	Database JDBC URL [jdbc:postgresql://localhost:5432/booking_db]
	Database driver: PostgreSQL JDBC Driver
	Database dialect: PostgreSQLDialect
	Database version: 18.0
	Default catalog/schema: booking_db/public
	Autocommit mode: undefined/unknown
	Isolation level: READ_COMMITTED [default READ_COMMITTED]
	JDBC fetch size: none
	Pool: DataSourceConnectionProvider
	Minimum pool size: undefined/unknown
	Maximum pool size: undefined/unknown
2026-01-10 00:12:49,489 INFO o.h.e.t.j.p.i.JtaPlatformInitiator [main] [] HHH000489: No JTA platform available (set 'hibernate.transaction.jta.platform' to enable JTA platform integration)
2026-01-10 00:12:49,563 INFO o.s.o.j.AbstractEntityManagerFactoryBean [main] [] Initialized JPA EntityManagerFactory for persistence unit 'default'
2026-01-10 00:12:49,608 INFO o.s.d.j.r.q.QueryEnhancerFactories [main] [] Hibernate is in classpath; If applicable, HQL parser will be used.
2026-01-10 00:12:49,735 DEBUG o.s.w.f.GenericFilterBean [main] [] Filter 'jwtAuthenticationFilter' configured for use
2026-01-10 00:12:49,735 DEBUG o.s.w.f.GenericFilterBean [main] [] Filter 'rateLimitFilter' configured for use
2026-01-10 00:12:49,735 DEBUG o.s.w.f.GenericFilterBean [main] [] Filter 'mdcLoggingFilter' configured for use
2026-01-10 00:12:50,828 INFO o.s.s.c.a.a.c.InitializeUserDetailsBeanManagerConfigurer$InitializeUserDetailsManagerConfigurer [main] [] Global AuthenticationManager configured with UserDetailsService bean with name userDetailsService
2026-01-10 00:12:51,154 INFO o.a.j.l.DirectJDKLog [main] [] Starting ProtocolHandler ["http-nio-8080"]
2026-01-10 00:12:51,166 INFO o.s.b.t.TomcatWebServer [main] [] Tomcat started on port 8080 (http) with context path '/'
2026-01-10 00:12:51,171 INFO o.s.b.StartupInfoLogger [main] [] Started BookingApplication in 4.872 seconds (process running for 5.204)
2026-01-10 00:13:02,347 INFO o.s.b.t.GracefulShutdown [SpringApplicationShutdownHook] [] Commencing graceful shutdown. Waiting for active requests to complete
2026-01-10 00:13:02,353 INFO o.s.b.t.GracefulShutdown [tomcat-shutdown] [] Graceful shutdown complete
2026-01-10 00:13:02,363 INFO o.s.o.j.AbstractEntityManagerFactoryBean [SpringApplicationShutdownHook] [] Closing JPA EntityManagerFactory for persistence unit 'default'
2026-01-10 00:13:02,364 INFO c.z.h.HikariDataSource [SpringApplicationShutdownHook] [] BookingHubHikariPool - Shutdown initiated...
2026-01-10 00:13:02,366 INFO c.z.h.HikariDataSource [SpringApplicationShutdownHook] [] BookingHubHikariPool - Shutdown completed.
2026-01-10 00:14:14,435 INFO o.h.v.i.u.Version [background-preinit] [] HV000001: Hibernate Validator 9.0.1.Final
2026-01-10 00:14:14,463 INFO o.s.b.StartupInfoLogger [main] [] Starting BookingApplication using Java 25.0.1 with PID 19332 (D:\GitHub\Booking Hub\Booking-Hub-Backend\target\classes started by Tran Van Manh in D:\GitHub\Booking Hub\Booking-Hub-Backend)
2026-01-10 00:14:14,463 DEBUG o.s.b.StartupInfoLogger [main] [] Running with Spring Boot v4.0.1, Spring v7.0.2
2026-01-10 00:14:14,465 INFO o.s.b.SpringApplication [main] [] No active profile set, falling back to 1 default profile: "default"
2026-01-10 00:14:15,003 INFO o.s.d.r.c.RepositoryConfigurationDelegate [main] [] Multiple Spring Data modules found, entering strict repository configuration mode
2026-01-10 00:14:15,004 INFO o.s.d.r.c.RepositoryConfigurationDelegate [main] [] Bootstrapping Spring Data JPA repositories in DEFAULT mode.
2026-01-10 00:14:15,105 INFO o.s.d.r.c.RepositoryConfigurationDelegate [main] [] Finished Spring Data repository scanning in 94 ms. Found 14 JPA repository interfaces.
2026-01-10 00:14:15,131 INFO o.s.d.r.c.RepositoryConfigurationDelegate [main] [] Multiple Spring Data modules found, entering strict repository configuration mode
2026-01-10 00:14:15,132 INFO o.s.d.r.c.RepositoryConfigurationDelegate [main] [] Bootstrapping Spring Data Redis repositories in DEFAULT mode.
2026-01-10 00:14:15,144 INFO o.s.d.r.c.RepositoryConfigurationExtensionSupport [main] [] Spring Data Redis - Could not safely identify store assignment for repository candidate interface com.example.booking.repository.BookingSeatRepository; If you want this repository to be a Redis repository, consider annotating your entities with one of these annotations: org.springframework.data.redis.core.RedisHash (preferred), or consider extending one of the following types with your repository: org.springframework.data.keyvalue.repository.KeyValueRepository
2026-01-10 00:14:15,144 INFO o.s.d.r.c.RepositoryConfigurationExtensionSupport [main] [] Spring Data Redis - Could not safely identify store assignment for repository candidate interface com.example.booking.repository.CinemaRepository; If you want this repository to be a Redis repository, consider annotating your entities with one of these annotations: org.springframework.data.redis.core.RedisHash (preferred), or consider extending one of the following types with your repository: org.springframework.data.keyvalue.repository.KeyValueRepository
2026-01-10 00:14:15,144 INFO o.s.d.r.c.RepositoryConfigurationExtensionSupport [main] [] Spring Data Redis - Could not safely identify store assignment for repository candidate interface com.example.booking.repository.HotelBookingRepository; If you want this repository to be a Redis repository, consider annotating your entities with one of these annotations: org.springframework.data.redis.core.RedisHash (preferred), or consider extending one of the following types with your repository: org.springframework.data.keyvalue.repository.KeyValueRepository
2026-01-10 00:14:15,144 INFO o.s.d.r.c.RepositoryConfigurationExtensionSupport [main] [] Spring Data Redis - Could not safely identify store assignment for repository candidate interface com.example.booking.repository.HotelRepository; If you want this repository to be a Redis repository, consider annotating your entities with one of these annotations: org.springframework.data.redis.core.RedisHash (preferred), or consider extending one of the following types with your repository: org.springframework.data.keyvalue.repository.KeyValueRepository
2026-01-10 00:14:15,144 INFO o.s.d.r.c.RepositoryConfigurationExtensionSupport [main] [] Spring Data Redis - Could not safely identify store assignment for repository candidate interface com.example.booking.repository.HotelReviewRepository; If you want this repository to be a Redis repository, consider annotating your entities with one of these annotations: org.springframework.data.redis.core.RedisHash (preferred), or consider extending one of the following types with your repository: org.springframework.data.keyvalue.repository.KeyValueRepository
2026-01-10 00:14:15,146 INFO o.s.d.r.c.RepositoryConfigurationExtensionSupport [main] [] Spring Data Redis - Could not safely identify store assignment for repository candidate interface com.example.booking.repository.MovieBookingRepository; If you want this repository to be a Redis repository, consider annotating your entities with one of these annotations: org.springframework.data.redis.core.RedisHash (preferred), or consider extending one of the following types with your repository: org.springframework.data.keyvalue.repository.KeyValueRepository
2026-01-10 00:14:15,146 INFO o.s.d.r.c.RepositoryConfigurationExtensionSupport [main] [] Spring Data Redis - Could not safely identify store assignment for repository candidate interface com.example.booking.repository.MovieRepository; If you want this repository to be a Redis repository, consider annotating your entities with one of these annotations: org.springframework.data.redis.core.RedisHash (preferred), or consider extending one of the following types with your repository: org.springframework.data.keyvalue.repository.KeyValueRepository
2026-01-10 00:14:15,146 INFO o.s.d.r.c.RepositoryConfigurationExtensionSupport [main] [] Spring Data Redis - Could not safely identify store assignment for repository candidate interface com.example.booking.repository.PaymentRepository; If you want this repository to be a Redis repository, consider annotating your entities with one of these annotations: org.springframework.data.redis.core.RedisHash (preferred), or consider extending one of the following types with your repository: org.springframework.data.keyvalue.repository.KeyValueRepository
2026-01-10 00:14:15,146 INFO o.s.d.r.c.RepositoryConfigurationExtensionSupport [main] [] Spring Data Redis - Could not safely identify store assignment for repository candidate interface com.example.booking.repository.RefreshTokenRepository; If you want this repository to be a Redis repository, consider annotating your entities with one of these annotations: org.springframework.data.redis.core.RedisHash (preferred), or consider extending one of the following types with your repository: org.springframework.data.keyvalue.repository.KeyValueRepository
2026-01-10 00:14:15,146 INFO o.s.d.r.c.RepositoryConfigurationExtensionSupport [main] [] Spring Data Redis - Could not safely identify store assignment for repository candidate interface com.example.booking.repository.RoomRepository; If you want this repository to be a Redis repository, consider annotating your entities with one of these annotations: org.springframework.data.redis.core.RedisHash (preferred), or consider extending one of the following types with your repository: org.springframework.data.keyvalue.repository.KeyValueRepository
2026-01-10 00:14:15,146 INFO o.s.d.r.c.RepositoryConfigurationExtensionSupport [main] [] Spring Data Redis - Could not safely identify store assignment for repository candidate interface com.example.booking.repository.ScreenRepository; If you want this repository to be a Redis repository, consider annotating your entities with one of these annotations: org.springframework.data.redis.core.RedisHash (preferred), or consider extending one of the following types with your repository: org.springframework.data.keyvalue.repository.KeyValueRepository
2026-01-10 00:14:15,146 INFO o.s.d.r.c.RepositoryConfigurationExtensionSupport [main] [] Spring Data Redis - Could not safely identify store assignment for repository candidate interface com.example.booking.repository.SeatRepository; If you want this repository to be a Redis repository, consider annotating your entities with one of these annotations: org.springframework.data.redis.core.RedisHash (preferred), or consider extending one of the following types with your repository: org.springframework.data.keyvalue.repository.KeyValueRepository
2026-01-10 00:14:15,147 INFO o.s.d.r.c.RepositoryConfigurationExtensionSupport [main] [] Spring Data Redis - Could not safely identify store assignment for repository candidate interface com.example.booking.repository.ShowtimeRepository; If you want this repository to be a Redis repository, consider annotating your entities with one of these annotations: org.springframework.data.redis.core.RedisHash (preferred), or consider extending one of the following types with your repository: org.springframework.data.keyvalue.repository.KeyValueRepository
2026-01-10 00:14:15,147 INFO o.s.d.r.c.RepositoryConfigurationExtensionSupport [main] [] Spring Data Redis - Could not safely identify store assignment for repository candidate interface com.example.booking.repository.UserRepository; If you want this repository to be a Redis repository, consider annotating your entities with one of these annotations: org.springframework.data.redis.core.RedisHash (preferred), or consider extending one of the following types with your repository: org.springframework.data.keyvalue.repository.KeyValueRepository
2026-01-10 00:14:15,147 INFO o.s.d.r.c.RepositoryConfigurationDelegate [main] [] Finished Spring Data repository scanning in 8 ms. Found 0 Redis repository interfaces.
2026-01-10 00:14:15,537 INFO o.s.b.t.TomcatWebServer [main] [] Tomcat initialized with port 8080 (http)
2026-01-10 00:14:15,546 INFO o.a.j.l.DirectJDKLog [main] [] Initializing ProtocolHandler ["http-nio-8080"]
2026-01-10 00:14:15,547 INFO o.a.j.l.DirectJDKLog [main] [] Starting service [Tomcat]
2026-01-10 00:14:15,547 INFO o.a.j.l.DirectJDKLog [main] [] Starting Servlet engine: [Apache Tomcat/11.0.15]
2026-01-10 00:14:15,593 INFO o.s.b.w.c.s.WebApplicationContextInitializer [main] [] Root WebApplicationContext: initialization completed in 1099 ms
2026-01-10 00:14:15,690 INFO o.h.j.i.u.LogHelper [main] [] HHH008540: Processing PersistenceUnitInfo [name: default]
2026-01-10 00:14:15,727 INFO o.h.Version [main] [] HHH000001: Hibernate ORM core version 7.2.0.Final
2026-01-10 00:14:15,994 INFO o.s.o.j.p.SpringPersistenceUnitInfo [main] [] No LoadTimeWeaver setup: ignoring JPA class transformer
2026-01-10 00:14:16,011 INFO c.z.h.HikariDataSource [main] [] BookingHubHikariPool - Starting...
2026-01-10 00:14:16,122 INFO c.z.h.p.HikariPool [main] [] BookingHubHikariPool - Added connection org.postgresql.jdbc.PgConnection@6aa792
2026-01-10 00:14:16,123 INFO c.z.h.HikariDataSource [main] [] BookingHubHikariPool - Start completed.
2026-01-10 00:14:16,164 INFO o.h.e.j.e.i.JdbcEnvironmentInitiator [main] [] HHH10001005: Database info:
	Database JDBC URL [jdbc:postgresql://localhost:5432/booking_db]
	Database driver: PostgreSQL JDBC Driver
	Database dialect: PostgreSQLDialect
	Database version: 18.0
	Default catalog/schema: booking_db/public
	Autocommit mode: undefined/unknown
	Isolation level: READ_COMMITTED [default READ_COMMITTED]
	JDBC fetch size: none
	Pool: DataSourceConnectionProvider
	Minimum pool size: undefined/unknown
	Maximum pool size: undefined/unknown
2026-01-10 00:14:16,955 INFO o.h.e.t.j.p.i.JtaPlatformInitiator [main] [] HHH000489: No JTA platform available (set 'hibernate.transaction.jta.platform' to enable JTA platform integration)
2026-01-10 00:14:17,016 INFO o.s.o.j.AbstractEntityManagerFactoryBean [main] [] Initialized JPA EntityManagerFactory for persistence unit 'default'
2026-01-10 00:14:17,070 INFO o.s.d.j.r.q.QueryEnhancerFactories [main] [] Hibernate is in classpath; If applicable, HQL parser will be used.
2026-01-10 00:14:17,216 DEBUG o.s.w.f.GenericFilterBean [main] [] Filter 'jwtAuthenticationFilter' configured for use
2026-01-10 00:14:17,216 DEBUG o.s.w.f.GenericFilterBean [main] [] Filter 'rateLimitFilter' configured for use
2026-01-10 00:14:17,217 DEBUG o.s.w.f.GenericFilterBean [main] [] Filter 'mdcLoggingFilter' configured for use
2026-01-10 00:14:18,006 WARN o.s.c.s.AbstractApplicationContext [main] [] Exception encountered during context initialization - cancelling refresh attempt: org.springframework.beans.factory.BeanCreationException: Error creating bean with name 'hotelController': Lookup method resolution failed
2026-01-10 00:14:18,009 INFO o.s.o.j.AbstractEntityManagerFactoryBean [main] [] Closing JPA EntityManagerFactory for persistence unit 'default'
2026-01-10 00:14:18,011 INFO c.z.h.HikariDataSource [main] [] BookingHubHikariPool - Shutdown initiated...
2026-01-10 00:14:18,013 INFO c.z.h.HikariDataSource [main] [] BookingHubHikariPool - Shutdown completed.
2026-01-10 00:14:18,015 INFO o.a.j.l.DirectJDKLog [main] [] Stopping service [Tomcat]
2026-01-10 00:14:18,021 INFO o.s.b.a.l.ConditionEvaluationReportLogger [main] [] 

Error starting ApplicationContext. To display the condition evaluation report re-run your application with 'debug' enabled.
2026-01-10 00:14:18,031 ERROR o.s.b.SpringApplication [main] [] Application run failed
org.springframework.beans.factory.BeanCreationException: Error creating bean with name 'hotelController': Lookup method resolution failed
	at org.springframework.beans.factory.annotation.AutowiredAnnotationBeanPostProcessor.checkLookupMethods(AutowiredAnnotationBeanPostProcessor.java:481)
	at org.springframework.beans.factory.annotation.AutowiredAnnotationBeanPostProcessor.determineCandidateConstructors(AutowiredAnnotationBeanPostProcessor.java:351)
	at org.springframework.beans.factory.support.AbstractAutowireCapableBeanFactory.determineConstructorsFromBeanPostProcessors(AbstractAutowireCapableBeanFactory.java:1321)
	at org.springframework.beans.factory.support.AbstractAutowireCapableBeanFactory.createBeanInstance(AbstractAutowireCapableBeanFactory.java:1218)
	at org.springframework.beans.factory.support.AbstractAutowireCapableBeanFactory.doCreateBean(AbstractAutowireCapableBeanFactory.java:565)
	at org.springframework.beans.factory.support.AbstractAutowireCapableBeanFactory.createBean(AbstractAutowireCapableBeanFactory.java:525)
	at org.springframework.beans.factory.support.AbstractBeanFactory.lambda$doGetBean$0(AbstractBeanFactory.java:333)
	at org.springframework.beans.factory.support.DefaultSingletonBeanRegistry.getSingleton(DefaultSingletonBeanRegistry.java:371)
	at org.springframework.beans.factory.support.AbstractBeanFactory.doGetBean(AbstractBeanFactory.java:331)
	at org.springframework.beans.factory.support.AbstractBeanFactory.getBean(AbstractBeanFactory.java:196)
	at org.springframework.beans.factory.support.DefaultListableBeanFactory.instantiateSingleton(DefaultListableBeanFactory.java:1218)
	at org.springframework.beans.factory.support.DefaultListableBeanFactory.preInstantiateSingleton(DefaultListableBeanFactory.java:1184)
	at org.springframework.beans.factory.support.DefaultListableBeanFactory.preInstantiateSingletons(DefaultListableBeanFactory.java:1121)
	at org.springframework.context.support.AbstractApplicationContext.finishBeanFactoryInitialization(AbstractApplicationContext.java:993)
	at org.springframework.context.support.AbstractApplicationContext.refresh(AbstractApplicationContext.java:620)
	at org.springframework.boot.web.server.servlet.context.ServletWebServerApplicationContext.refresh(ServletWebServerApplicationContext.java:143)
	at org.springframework.boot.SpringApplication.refresh(SpringApplication.java:756)
	at org.springframework.boot.SpringApplication.refreshContext(SpringApplication.java:445)
	at org.springframework.boot.SpringApplication.run(SpringApplication.java:321)
	at org.springframework.boot.SpringApplication.run(SpringApplication.java:1365)
	at org.springframework.boot.SpringApplication.run(SpringApplication.java:1354)
	at com.example.booking.BookingApplication.main(BookingApplication.java:29)
Caused by: java.lang.IllegalStateException: Failed to introspect Class [com.example.booking.controller.HotelController] from ClassLoader [jdk.internal.loader.ClassLoaders$AppClassLoader@14dad5dc]
	at org.springframework.util.ReflectionUtils.getDeclaredMethods(ReflectionUtils.java:483)
	at org.springframework.util.ReflectionUtils.doWithLocalMethods(ReflectionUtils.java:320)
	at org.springframework.beans.factory.annotation.AutowiredAnnotationBeanPostProcessor.checkLookupMethods(AutowiredAnnotationBeanPostProcessor.java:459)
	... 21 common frames omitted
Caused by: java.lang.NoClassDefFoundError: BookHotelRequest
	at java.base/java.lang.Class.getDeclaredMethods0(Native Method)
	at java.base/java.lang.Class.privateGetDeclaredMethods(Class.java:3010)
	at java.base/java.lang.Class.getDeclaredMethods(Class.java:2329)
	at org.springframework.util.ReflectionUtils.getDeclaredMethods(ReflectionUtils.java:465)
	... 23 common frames omitted
Caused by: java.lang.ClassNotFoundException: BookHotelRequest
	at java.base/jdk.internal.loader.BuiltinClassLoader.loadClass(BuiltinClassLoader.java:580)
	at java.base/java.lang.ClassLoader.loadClass(ClassLoader.java:490)
	... 27 common frames omitted
2026-01-10 00:15:48,252 INFO o.h.v.i.u.Version [background-preinit] [] HV000001: Hibernate Validator 9.0.1.Final
2026-01-10 00:15:48,279 INFO o.s.b.StartupInfoLogger [main] [] Starting BookingApplication using Java 25.0.1 with PID 37728 (D:\GitHub\Booking Hub\Booking-Hub-Backend\target\classes started by Tran Van Manh in D:\GitHub\Booking Hub\Booking-Hub-Backend)
2026-01-10 00:15:48,279 DEBUG o.s.b.StartupInfoLogger [main] [] Running with Spring Boot v4.0.1, Spring v7.0.2
2026-01-10 00:15:48,279 INFO o.s.b.SpringApplication [main] [] No active profile set, falling back to 1 default profile: "default"
2026-01-10 00:15:48,874 INFO o.s.d.r.c.RepositoryConfigurationDelegate [main] [] Multiple Spring Data modules found, entering strict repository configuration mode
2026-01-10 00:15:48,875 INFO o.s.d.r.c.RepositoryConfigurationDelegate [main] [] Bootstrapping Spring Data JPA repositories in DEFAULT mode.
2026-01-10 00:15:48,987 INFO o.s.d.r.c.RepositoryConfigurationDelegate [main] [] Finished Spring Data repository scanning in 106 ms. Found 14 JPA repository interfaces.
2026-01-10 00:15:49,017 INFO o.s.d.r.c.RepositoryConfigurationDelegate [main] [] Multiple Spring Data modules found, entering strict repository configuration mode
2026-01-10 00:15:49,018 INFO o.s.d.r.c.RepositoryConfigurationDelegate [main] [] Bootstrapping Spring Data Redis repositories in DEFAULT mode.
2026-01-10 00:15:49,038 INFO o.s.d.r.c.RepositoryConfigurationExtensionSupport [main] [] Spring Data Redis - Could not safely identify store assignment for repository candidate interface com.example.booking.repository.BookingSeatRepository; If you want this repository to be a Redis repository, consider annotating your entities with one of these annotations: org.springframework.data.redis.core.RedisHash (preferred), or consider extending one of the following types with your repository: org.springframework.data.keyvalue.repository.KeyValueRepository
2026-01-10 00:15:49,039 INFO o.s.d.r.c.RepositoryConfigurationExtensionSupport [main] [] Spring Data Redis - Could not safely identify store assignment for repository candidate interface com.example.booking.repository.CinemaRepository; If you want this repository to be a Redis repository, consider annotating your entities with one of these annotations: org.springframework.data.redis.core.RedisHash (preferred), or consider extending one of the following types with your repository: org.springframework.data.keyvalue.repository.KeyValueRepository
2026-01-10 00:15:49,039 INFO o.s.d.r.c.RepositoryConfigurationExtensionSupport [main] [] Spring Data Redis - Could not safely identify store assignment for repository candidate interface com.example.booking.repository.HotelBookingRepository; If you want this repository to be a Redis repository, consider annotating your entities with one of these annotations: org.springframework.data.redis.core.RedisHash (preferred), or consider extending one of the following types with your repository: org.springframework.data.keyvalue.repository.KeyValueRepository
2026-01-10 00:15:49,039 INFO o.s.d.r.c.RepositoryConfigurationExtensionSupport [main] [] Spring Data Redis - Could not safely identify store assignment for repository candidate interface com.example.booking.repository.HotelRepository; If you want this repository to be a Redis repository, consider annotating your entities with one of these annotations: org.springframework.data.redis.core.RedisHash (preferred), or consider extending one of the following types with your repository: org.springframework.data.keyvalue.repository.KeyValueRepository
2026-01-10 00:15:49,039 INFO o.s.d.r.c.RepositoryConfigurationExtensionSupport [main] [] Spring Data Redis - Could not safely identify store assignment for repository candidate interface com.example.booking.repository.HotelReviewRepository; If you want this repository to be a Redis repository, consider annotating your entities with one of these annotations: org.springframework.data.redis.core.RedisHash (preferred), or consider extending one of the following types with your repository: org.springframework.data.keyvalue.repository.KeyValueRepository
2026-01-10 00:15:49,039 INFO o.s.d.r.c.RepositoryConfigurationExtensionSupport [main] [] Spring Data Redis - Could not safely identify store assignment for repository candidate interface com.example.booking.repository.MovieBookingRepository; If you want this repository to be a Redis repository, consider annotating your entities with one of these annotations: org.springframework.data.redis.core.RedisHash (preferred), or consider extending one of the following types with your repository: org.springframework.data.keyvalue.repository.KeyValueRepository
2026-01-10 00:15:49,039 INFO o.s.d.r.c.RepositoryConfigurationExtensionSupport [main] [] Spring Data Redis - Could not safely identify store assignment for repository candidate interface com.example.booking.repository.MovieRepository; If you want this repository to be a Redis repository, consider annotating your entities with one of these annotations: org.springframework.data.redis.core.RedisHash (preferred), or consider extending one of the following types with your repository: org.springframework.data.keyvalue.repository.KeyValueRepository
2026-01-10 00:15:49,039 INFO o.s.d.r.c.RepositoryConfigurationExtensionSupport [main] [] Spring Data Redis - Could not safely identify store assignment for repository candidate interface com.example.booking.repository.PaymentRepository; If you want this repository to be a Redis repository, consider annotating your entities with one of these annotations: org.springframework.data.redis.core.RedisHash (preferred), or consider extending one of the following types with your repository: org.springframework.data.keyvalue.repository.KeyValueRepository
2026-01-10 00:15:49,039 INFO o.s.d.r.c.RepositoryConfigurationExtensionSupport [main] [] Spring Data Redis - Could not safely identify store assignment for repository candidate interface com.example.booking.repository.RefreshTokenRepository; If you want this repository to be a Redis repository, consider annotating your entities with one of these annotations: org.springframework.data.redis.core.RedisHash (preferred), or consider extending one of the following types with your repository: org.springframework.data.keyvalue.repository.KeyValueRepository
2026-01-10 00:15:49,040 INFO o.s.d.r.c.RepositoryConfigurationExtensionSupport [main] [] Spring Data Redis - Could not safely identify store assignment for repository candidate interface com.example.booking.repository.RoomRepository; If you want this repository to be a Redis repository, consider annotating your entities with one of these annotations: org.springframework.data.redis.core.RedisHash (preferred), or consider extending one of the following types with your repository: org.springframework.data.keyvalue.repository.KeyValueRepository
2026-01-10 00:15:49,040 INFO o.s.d.r.c.RepositoryConfigurationExtensionSupport [main] [] Spring Data Redis - Could not safely identify store assignment for repository candidate interface com.example.booking.repository.ScreenRepository; If you want this repository to be a Redis repository, consider annotating your entities with one of these annotations: org.springframework.data.redis.core.RedisHash (preferred), or consider extending one of the following types with your repository: org.springframework.data.keyvalue.repository.KeyValueRepository
2026-01-10 00:15:49,040 INFO o.s.d.r.c.RepositoryConfigurationExtensionSupport [main] [] Spring Data Redis - Could not safely identify store assignment for repository candidate interface com.example.booking.repository.SeatRepository; If you want this repository to be a Redis repository, consider annotating your entities with one of these annotations: org.springframework.data.redis.core.RedisHash (preferred), or consider extending one of the following types with your repository: org.springframework.data.keyvalue.repository.KeyValueRepository
2026-01-10 00:15:49,040 INFO o.s.d.r.c.RepositoryConfigurationExtensionSupport [main] [] Spring Data Redis - Could not safely identify store assignment for repository candidate interface com.example.booking.repository.ShowtimeRepository; If you want this repository to be a Redis repository, consider annotating your entities with one of these annotations: org.springframework.data.redis.core.RedisHash (preferred), or consider extending one of the following types with your repository: org.springframework.data.keyvalue.repository.KeyValueRepository
2026-01-10 00:15:49,040 INFO o.s.d.r.c.RepositoryConfigurationExtensionSupport [main] [] Spring Data Redis - Could not safely identify store assignment for repository candidate interface com.example.booking.repository.UserRepository; If you want this repository to be a Redis repository, consider annotating your entities with one of these annotations: org.springframework.data.redis.core.RedisHash (preferred), or consider extending one of the following types with your repository: org.springframework.data.keyvalue.repository.KeyValueRepository
2026-01-10 00:15:49,040 INFO o.s.d.r.c.RepositoryConfigurationDelegate [main] [] Finished Spring Data repository scanning in 8 ms. Found 0 Redis repository interfaces.
2026-01-10 00:15:49,472 INFO o.s.b.t.TomcatWebServer [main] [] Tomcat initialized with port 8080 (http)
2026-01-10 00:15:49,481 INFO o.a.j.l.DirectJDKLog [main] [] Initializing ProtocolHandler ["http-nio-8080"]
2026-01-10 00:15:49,482 INFO o.a.j.l.DirectJDKLog [main] [] Starting service [Tomcat]
2026-01-10 00:15:49,482 INFO o.a.j.l.DirectJDKLog [main] [] Starting Servlet engine: [Apache Tomcat/11.0.15]
2026-01-10 00:15:49,535 INFO o.s.b.w.c.s.WebApplicationContextInitializer [main] [] Root WebApplicationContext: initialization completed in 1223 ms
2026-01-10 00:15:49,635 INFO o.h.j.i.u.LogHelper [main] [] HHH008540: Processing PersistenceUnitInfo [name: default]
2026-01-10 00:15:49,675 INFO o.h.Version [main] [] HHH000001: Hibernate ORM core version 7.2.0.Final
2026-01-10 00:15:49,963 INFO o.s.o.j.p.SpringPersistenceUnitInfo [main] [] No LoadTimeWeaver setup: ignoring JPA class transformer
2026-01-10 00:15:49,984 INFO c.z.h.HikariDataSource [main] [] BookingHubHikariPool - Starting...
2026-01-10 00:15:50,102 INFO c.z.h.p.HikariPool [main] [] BookingHubHikariPool - Added connection org.postgresql.jdbc.PgConnection@5c78f456
2026-01-10 00:15:50,103 INFO c.z.h.HikariDataSource [main] [] BookingHubHikariPool - Start completed.
2026-01-10 00:15:50,150 INFO o.h.e.j.e.i.JdbcEnvironmentInitiator [main] [] HHH10001005: Database info:
	Database JDBC URL [jdbc:postgresql://localhost:5432/booking_db]
	Database driver: PostgreSQL JDBC Driver
	Database dialect: PostgreSQLDialect
	Database version: 18.0
	Default catalog/schema: booking_db/public
	Autocommit mode: undefined/unknown
	Isolation level: READ_COMMITTED [default READ_COMMITTED]
	JDBC fetch size: none
	Pool: DataSourceConnectionProvider
	Minimum pool size: undefined/unknown
	Maximum pool size: undefined/unknown
2026-01-10 00:15:50,973 INFO o.h.e.t.j.p.i.JtaPlatformInitiator [main] [] HHH000489: No JTA platform available (set 'hibernate.transaction.jta.platform' to enable JTA platform integration)
2026-01-10 00:15:51,034 INFO o.s.o.j.AbstractEntityManagerFactoryBean [main] [] Initialized JPA EntityManagerFactory for persistence unit 'default'
2026-01-10 00:15:51,079 INFO o.s.d.j.r.q.QueryEnhancerFactories [main] [] Hibernate is in classpath; If applicable, HQL parser will be used.
2026-01-10 00:15:51,215 DEBUG o.s.w.f.GenericFilterBean [main] [] Filter 'jwtAuthenticationFilter' configured for use
2026-01-10 00:15:51,215 DEBUG o.s.w.f.GenericFilterBean [main] [] Filter 'rateLimitFilter' configured for use
2026-01-10 00:15:51,216 DEBUG o.s.w.f.GenericFilterBean [main] [] Filter 'mdcLoggingFilter' configured for use
2026-01-10 00:15:52,016 WARN o.s.c.s.AbstractApplicationContext [main] [] Exception encountered during context initialization - cancelling refresh attempt: org.springframework.beans.factory.BeanCreationException: Error creating bean with name 'movieController': Lookup method resolution failed
2026-01-10 00:15:52,017 INFO o.s.o.j.AbstractEntityManagerFactoryBean [main] [] Closing JPA EntityManagerFactory for persistence unit 'default'
2026-01-10 00:15:52,021 INFO c.z.h.HikariDataSource [main] [] BookingHubHikariPool - Shutdown initiated...
2026-01-10 00:15:52,023 INFO c.z.h.HikariDataSource [main] [] BookingHubHikariPool - Shutdown completed.
2026-01-10 00:15:52,025 INFO o.a.j.l.DirectJDKLog [main] [] Stopping service [Tomcat]
2026-01-10 00:15:52,030 INFO o.s.b.a.l.ConditionEvaluationReportLogger [main] [] 

Error starting ApplicationContext. To display the condition evaluation report re-run your application with 'debug' enabled.
2026-01-10 00:15:52,038 ERROR o.s.b.SpringApplication [main] [] Application run failed
org.springframework.beans.factory.BeanCreationException: Error creating bean with name 'movieController': Lookup method resolution failed
	at org.springframework.beans.factory.annotation.AutowiredAnnotationBeanPostProcessor.checkLookupMethods(AutowiredAnnotationBeanPostProcessor.java:481)
	at org.springframework.beans.factory.annotation.AutowiredAnnotationBeanPostProcessor.determineCandidateConstructors(AutowiredAnnotationBeanPostProcessor.java:351)
	at org.springframework.beans.factory.support.AbstractAutowireCapableBeanFactory.determineConstructorsFromBeanPostProcessors(AbstractAutowireCapableBeanFactory.java:1321)
	at org.springframework.beans.factory.support.AbstractAutowireCapableBeanFactory.createBeanInstance(AbstractAutowireCapableBeanFactory.java:1218)
	at org.springframework.beans.factory.support.AbstractAutowireCapableBeanFactory.doCreateBean(AbstractAutowireCapableBeanFactory.java:565)
	at org.springframework.beans.factory.support.AbstractAutowireCapableBeanFactory.createBean(AbstractAutowireCapableBeanFactory.java:525)
	at org.springframework.beans.factory.support.AbstractBeanFactory.lambda$doGetBean$0(AbstractBeanFactory.java:333)
	at org.springframework.beans.factory.support.DefaultSingletonBeanRegistry.getSingleton(DefaultSingletonBeanRegistry.java:371)
	at org.springframework.beans.factory.support.AbstractBeanFactory.doGetBean(AbstractBeanFactory.java:331)
	at org.springframework.beans.factory.support.AbstractBeanFactory.getBean(AbstractBeanFactory.java:196)
	at org.springframework.beans.factory.support.DefaultListableBeanFactory.instantiateSingleton(DefaultListableBeanFactory.java:1218)
	at org.springframework.beans.factory.support.DefaultListableBeanFactory.preInstantiateSingleton(DefaultListableBeanFactory.java:1184)
	at org.springframework.beans.factory.support.DefaultListableBeanFactory.preInstantiateSingletons(DefaultListableBeanFactory.java:1121)
	at org.springframework.context.support.AbstractApplicationContext.finishBeanFactoryInitialization(AbstractApplicationContext.java:993)
	at org.springframework.context.support.AbstractApplicationContext.refresh(AbstractApplicationContext.java:620)
	at org.springframework.boot.web.server.servlet.context.ServletWebServerApplicationContext.refresh(ServletWebServerApplicationContext.java:143)
	at org.springframework.boot.SpringApplication.refresh(SpringApplication.java:756)
	at org.springframework.boot.SpringApplication.refreshContext(SpringApplication.java:445)
	at org.springframework.boot.SpringApplication.run(SpringApplication.java:321)
	at org.springframework.boot.SpringApplication.run(SpringApplication.java:1365)
	at org.springframework.boot.SpringApplication.run(SpringApplication.java:1354)
	at com.example.booking.BookingApplication.main(BookingApplication.java:29)
Caused by: java.lang.IllegalStateException: Failed to introspect Class [com.example.booking.controller.MovieController] from ClassLoader [jdk.internal.loader.ClassLoaders$AppClassLoader@14dad5dc]
	at org.springframework.util.ReflectionUtils.getDeclaredMethods(ReflectionUtils.java:483)
	at org.springframework.util.ReflectionUtils.doWithLocalMethods(ReflectionUtils.java:320)
	at org.springframework.beans.factory.annotation.AutowiredAnnotationBeanPostProcessor.checkLookupMethods(AutowiredAnnotationBeanPostProcessor.java:459)
	... 21 common frames omitted
Caused by: java.lang.NoClassDefFoundError: BookMovieRequest
	at java.base/java.lang.Class.getDeclaredMethods0(Native Method)
	at java.base/java.lang.Class.privateGetDeclaredMethods(Class.java:3010)
	at java.base/java.lang.Class.getDeclaredMethods(Class.java:2329)
	at org.springframework.util.ReflectionUtils.getDeclaredMethods(ReflectionUtils.java:465)
	... 23 common frames omitted
Caused by: java.lang.ClassNotFoundException: BookMovieRequest
	at java.base/jdk.internal.loader.BuiltinClassLoader.loadClass(BuiltinClassLoader.java:580)
	at java.base/java.lang.ClassLoader.loadClass(ClassLoader.java:490)
	... 27 common frames omitted
2026-01-10 00:17:37,354 INFO o.h.v.i.u.Version [background-preinit] [] HV000001: Hibernate Validator 9.0.1.Final
2026-01-10 00:17:37,380 INFO o.s.b.StartupInfoLogger [main] [] Starting BookingApplication using Java 25.0.1 with PID 38432 (D:\GitHub\Booking Hub\Booking-Hub-Backend\target\classes started by Tran Van Manh in D:\GitHub\Booking Hub\Booking-Hub-Backend)
2026-01-10 00:17:37,380 DEBUG o.s.b.StartupInfoLogger [main] [] Running with Spring Boot v4.0.1, Spring v7.0.2
2026-01-10 00:17:37,381 INFO o.s.b.SpringApplication [main] [] No active profile set, falling back to 1 default profile: "default"
2026-01-10 00:17:37,928 INFO o.s.d.r.c.RepositoryConfigurationDelegate [main] [] Multiple Spring Data modules found, entering strict repository configuration mode
2026-01-10 00:17:37,930 INFO o.s.d.r.c.RepositoryConfigurationDelegate [main] [] Bootstrapping Spring Data JPA repositories in DEFAULT mode.
2026-01-10 00:17:38,029 INFO o.s.d.r.c.RepositoryConfigurationDelegate [main] [] Finished Spring Data repository scanning in 93 ms. Found 14 JPA repository interfaces.
2026-01-10 00:17:38,057 INFO o.s.d.r.c.RepositoryConfigurationDelegate [main] [] Multiple Spring Data modules found, entering strict repository configuration mode
2026-01-10 00:17:38,057 INFO o.s.d.r.c.RepositoryConfigurationDelegate [main] [] Bootstrapping Spring Data Redis repositories in DEFAULT mode.
2026-01-10 00:17:38,069 INFO o.s.d.r.c.RepositoryConfigurationExtensionSupport [main] [] Spring Data Redis - Could not safely identify store assignment for repository candidate interface com.example.booking.repository.BookingSeatRepository; If you want this repository to be a Redis repository, consider annotating your entities with one of these annotations: org.springframework.data.redis.core.RedisHash (preferred), or consider extending one of the following types with your repository: org.springframework.data.keyvalue.repository.KeyValueRepository
2026-01-10 00:17:38,069 INFO o.s.d.r.c.RepositoryConfigurationExtensionSupport [main] [] Spring Data Redis - Could not safely identify store assignment for repository candidate interface com.example.booking.repository.CinemaRepository; If you want this repository to be a Redis repository, consider annotating your entities with one of these annotations: org.springframework.data.redis.core.RedisHash (preferred), or consider extending one of the following types with your repository: org.springframework.data.keyvalue.repository.KeyValueRepository
2026-01-10 00:17:38,069 INFO o.s.d.r.c.RepositoryConfigurationExtensionSupport [main] [] Spring Data Redis - Could not safely identify store assignment for repository candidate interface com.example.booking.repository.HotelBookingRepository; If you want this repository to be a Redis repository, consider annotating your entities with one of these annotations: org.springframework.data.redis.core.RedisHash (preferred), or consider extending one of the following types with your repository: org.springframework.data.keyvalue.repository.KeyValueRepository
2026-01-10 00:17:38,069 INFO o.s.d.r.c.RepositoryConfigurationExtensionSupport [main] [] Spring Data Redis - Could not safely identify store assignment for repository candidate interface com.example.booking.repository.HotelRepository; If you want this repository to be a Redis repository, consider annotating your entities with one of these annotations: org.springframework.data.redis.core.RedisHash (preferred), or consider extending one of the following types with your repository: org.springframework.data.keyvalue.repository.KeyValueRepository
2026-01-10 00:17:38,070 INFO o.s.d.r.c.RepositoryConfigurationExtensionSupport [main] [] Spring Data Redis - Could not safely identify store assignment for repository candidate interface com.example.booking.repository.HotelReviewRepository; If you want this repository to be a Redis repository, consider annotating your entities with one of these annotations: org.springframework.data.redis.core.RedisHash (preferred), or consider extending one of the following types with your repository: org.springframework.data.keyvalue.repository.KeyValueRepository
2026-01-10 00:17:38,070 INFO o.s.d.r.c.RepositoryConfigurationExtensionSupport [main] [] Spring Data Redis - Could not safely identify store assignment for repository candidate interface com.example.booking.repository.MovieBookingRepository; If you want this repository to be a Redis repository, consider annotating your entities with one of these annotations: org.springframework.data.redis.core.RedisHash (preferred), or consider extending one of the following types with your repository: org.springframework.data.keyvalue.repository.KeyValueRepository
2026-01-10 00:17:38,070 INFO o.s.d.r.c.RepositoryConfigurationExtensionSupport [main] [] Spring Data Redis - Could not safely identify store assignment for repository candidate interface com.example.booking.repository.MovieRepository; If you want this repository to be a Redis repository, consider annotating your entities with one of these annotations: org.springframework.data.redis.core.RedisHash (preferred), or consider extending one of the following types with your repository: org.springframework.data.keyvalue.repository.KeyValueRepository
2026-01-10 00:17:38,070 INFO o.s.d.r.c.RepositoryConfigurationExtensionSupport [main] [] Spring Data Redis - Could not safely identify store assignment for repository candidate interface com.example.booking.repository.PaymentRepository; If you want this repository to be a Redis repository, consider annotating your entities with one of these annotations: org.springframework.data.redis.core.RedisHash (preferred), or consider extending one of the following types with your repository: org.springframework.data.keyvalue.repository.KeyValueRepository
2026-01-10 00:17:38,071 INFO o.s.d.r.c.RepositoryConfigurationExtensionSupport [main] [] Spring Data Redis - Could not safely identify store assignment for repository candidate interface com.example.booking.repository.RefreshTokenRepository; If you want this repository to be a Redis repository, consider annotating your entities with one of these annotations: org.springframework.data.redis.core.RedisHash (preferred), or consider extending one of the following types with your repository: org.springframework.data.keyvalue.repository.KeyValueRepository
2026-01-10 00:17:38,071 INFO o.s.d.r.c.RepositoryConfigurationExtensionSupport [main] [] Spring Data Redis - Could not safely identify store assignment for repository candidate interface com.example.booking.repository.RoomRepository; If you want this repository to be a Redis repository, consider annotating your entities with one of these annotations: org.springframework.data.redis.core.RedisHash (preferred), or consider extending one of the following types with your repository: org.springframework.data.keyvalue.repository.KeyValueRepository
2026-01-10 00:17:38,071 INFO o.s.d.r.c.RepositoryConfigurationExtensionSupport [main] [] Spring Data Redis - Could not safely identify store assignment for repository candidate interface com.example.booking.repository.ScreenRepository; If you want this repository to be a Redis repository, consider annotating your entities with one of these annotations: org.springframework.data.redis.core.RedisHash (preferred), or consider extending one of the following types with your repository: org.springframework.data.keyvalue.repository.KeyValueRepository
2026-01-10 00:17:38,071 INFO o.s.d.r.c.RepositoryConfigurationExtensionSupport [main] [] Spring Data Redis - Could not safely identify store assignment for repository candidate interface com.example.booking.repository.SeatRepository; If you want this repository to be a Redis repository, consider annotating your entities with one of these annotations: org.springframework.data.redis.core.RedisHash (preferred), or consider extending one of the following types with your repository: org.springframework.data.keyvalue.repository.KeyValueRepository
2026-01-10 00:17:38,071 INFO o.s.d.r.c.RepositoryConfigurationExtensionSupport [main] [] Spring Data Redis - Could not safely identify store assignment for repository candidate interface com.example.booking.repository.ShowtimeRepository; If you want this repository to be a Redis repository, consider annotating your entities with one of these annotations: org.springframework.data.redis.core.RedisHash (preferred), or consider extending one of the following types with your repository: org.springframework.data.keyvalue.repository.KeyValueRepository
2026-01-10 00:17:38,071 INFO o.s.d.r.c.RepositoryConfigurationExtensionSupport [main] [] Spring Data Redis - Could not safely identify store assignment for repository candidate interface com.example.booking.repository.UserRepository; If you want this repository to be a Redis repository, consider annotating your entities with one of these annotations: org.springframework.data.redis.core.RedisHash (preferred), or consider extending one of the following types with your repository: org.springframework.data.keyvalue.repository.KeyValueRepository
2026-01-10 00:17:38,071 INFO o.s.d.r.c.RepositoryConfigurationDelegate [main] [] Finished Spring Data repository scanning in 7 ms. Found 0 Redis repository interfaces.
2026-01-10 00:17:38,471 INFO o.s.b.t.TomcatWebServer [main] [] Tomcat initialized with port 8080 (http)
2026-01-10 00:17:38,479 INFO o.a.j.l.DirectJDKLog [main] [] Initializing ProtocolHandler ["http-nio-8080"]
2026-01-10 00:17:38,481 INFO o.a.j.l.DirectJDKLog [main] [] Starting service [Tomcat]
2026-01-10 00:17:38,481 INFO o.a.j.l.DirectJDKLog [main] [] Starting Servlet engine: [Apache Tomcat/11.0.15]
2026-01-10 00:17:38,517 INFO o.s.b.w.c.s.WebApplicationContextInitializer [main] [] Root WebApplicationContext: initialization completed in 1104 ms
2026-01-10 00:17:38,604 INFO o.h.j.i.u.LogHelper [main] [] HHH008540: Processing PersistenceUnitInfo [name: default]
2026-01-10 00:17:38,639 INFO o.h.Version [main] [] HHH000001: Hibernate ORM core version 7.2.0.Final
2026-01-10 00:17:38,908 INFO o.s.o.j.p.SpringPersistenceUnitInfo [main] [] No LoadTimeWeaver setup: ignoring JPA class transformer
2026-01-10 00:17:38,929 INFO c.z.h.HikariDataSource [main] [] BookingHubHikariPool - Starting...
2026-01-10 00:17:39,038 INFO c.z.h.p.HikariPool [main] [] BookingHubHikariPool - Added connection org.postgresql.jdbc.PgConnection@71e409f
2026-01-10 00:17:39,039 INFO c.z.h.HikariDataSource [main] [] BookingHubHikariPool - Start completed.
2026-01-10 00:17:39,081 INFO o.h.e.j.e.i.JdbcEnvironmentInitiator [main] [] HHH10001005: Database info:
	Database JDBC URL [jdbc:postgresql://localhost:5432/booking_db]
	Database driver: PostgreSQL JDBC Driver
	Database dialect: PostgreSQLDialect
	Database version: 18.0
	Default catalog/schema: booking_db/public
	Autocommit mode: undefined/unknown
	Isolation level: READ_COMMITTED [default READ_COMMITTED]
	JDBC fetch size: none
	Pool: DataSourceConnectionProvider
	Minimum pool size: undefined/unknown
	Maximum pool size: undefined/unknown
2026-01-10 00:17:39,907 INFO o.h.e.t.j.p.i.JtaPlatformInitiator [main] [] HHH000489: No JTA platform available (set 'hibernate.transaction.jta.platform' to enable JTA platform integration)
2026-01-10 00:17:39,960 INFO o.s.o.j.AbstractEntityManagerFactoryBean [main] [] Initialized JPA EntityManagerFactory for persistence unit 'default'
2026-01-10 00:17:40,001 INFO o.s.d.j.r.q.QueryEnhancerFactories [main] [] Hibernate is in classpath; If applicable, HQL parser will be used.
2026-01-10 00:17:40,123 DEBUG o.s.w.f.GenericFilterBean [main] [] Filter 'jwtAuthenticationFilter' configured for use
2026-01-10 00:17:40,123 DEBUG o.s.w.f.GenericFilterBean [main] [] Filter 'rateLimitFilter' configured for use
2026-01-10 00:17:40,123 DEBUG o.s.w.f.GenericFilterBean [main] [] Filter 'mdcLoggingFilter' configured for use
2026-01-10 00:17:41,200 INFO o.s.s.c.a.a.c.InitializeUserDetailsBeanManagerConfigurer$InitializeUserDetailsManagerConfigurer [main] [] Global AuthenticationManager configured with UserDetailsService bean with name userDetailsService
2026-01-10 00:17:41,531 INFO o.a.j.l.DirectJDKLog [main] [] Starting ProtocolHandler ["http-nio-8080"]
2026-01-10 00:17:41,543 INFO o.s.b.t.TomcatWebServer [main] [] Tomcat started on port 8080 (http) with context path '/'
2026-01-10 00:17:41,549 INFO o.s.b.StartupInfoLogger [main] [] Started BookingApplication in 4.518 seconds (process running for 4.806)
2026-01-10 00:17:47,344 INFO o.s.b.t.GracefulShutdown [SpringApplicationShutdownHook] [] Commencing graceful shutdown. Waiting for active requests to complete
2026-01-10 00:17:47,348 INFO o.s.b.t.GracefulShutdown [tomcat-shutdown] [] Graceful shutdown complete
2026-01-10 00:17:47,359 INFO o.s.o.j.AbstractEntityManagerFactoryBean [SpringApplicationShutdownHook] [] Closing JPA EntityManagerFactory for persistence unit 'default'
2026-01-10 00:17:47,360 INFO c.z.h.HikariDataSource [SpringApplicationShutdownHook] [] BookingHubHikariPool - Shutdown initiated...
2026-01-10 00:17:47,361 INFO c.z.h.HikariDataSource [SpringApplicationShutdownHook] [] BookingHubHikariPool - Shutdown completed.
